<?xml version="1.0" encoding="UTF-8"?>
<testng-results total="3" passed="3" failed="0" skipped="0">
  <reporter-output>
  </reporter-output>
  <suite started-at="2023-05-08T19:05:10Z" name="Suite" finished-at="2023-05-08T19:05:53Z" duration-ms="43233">
    <groups>
    </groups>
    <test started-at="2023-05-08T19:05:10Z" name="Test" finished-at="2023-05-08T19:05:53Z" duration-ms="43233">
      <class name="test.Url">
        <test-method signature="urls()[pri:3, instance:test.Url@44c73c26]" started-at="2023-05-08T21:05:39Z" name="urls" finished-at="2023-05-08T21:05:39Z" duration-ms="14" status="PASS">
          <reporter-output>
          </reporter-output>
        </test-method> <!-- urls -->
      </class> <!-- test.Url -->
      <class name="test.Verifylogin">
        <test-method signature="login()[pri:3, instance:test.Verifylogin@41005828]" started-at="2023-05-08T21:05:39Z" name="login" finished-at="2023-05-08T21:05:46Z" duration-ms="7147" status="PASS">
          <reporter-output>
          </reporter-output>
        </test-method> <!-- login -->
      </class> <!-- test.Verifylogin -->
      <class name="test.Title">
        <test-method is-config="true" signature="beforeTest()[pri:0, instance:test.Title@7aaca91a]" started-at="2023-05-08T21:05:10Z" name="beforeTest" finished-at="2023-05-08T21:05:24Z" duration-ms="13490" status="PASS">
          <reporter-output>
          </reporter-output>
        </test-method> <!-- beforeTest -->
        <test-method is-config="true" signature="beforeTest()[pri:0, instance:test.Url@44c73c26]" started-at="2023-05-08T21:05:24Z" name="beforeTest" finished-at="2023-05-08T21:05:30Z" duration-ms="6116" status="PASS">
          <reporter-output>
          </reporter-output>
        </test-method> <!-- beforeTest -->
        <test-method is-config="true" signature="beforeTest()[pri:0, instance:test.Verifylogin@41005828]" started-at="2023-05-08T21:05:30Z" name="beforeTest" finished-at="2023-05-08T21:05:38Z" duration-ms="8527" status="PASS">
          <reporter-output>
          </reporter-output>
        </test-method> <!-- beforeTest -->
        <test-method signature="title()[pri:3, instance:test.Title@7aaca91a]" started-at="2023-05-08T21:05:39Z" name="title" finished-at="2023-05-08T21:05:39Z" duration-ms="61" status="PASS">
          <reporter-output>
          </reporter-output>
        </test-method> <!-- title -->
        <test-method is-config="true" signature="tearDown()[pri:0, instance:test.Title@7aaca91a]" started-at="2023-05-08T21:05:46Z" name="tearDown" finished-at="2023-05-08T21:05:48Z" duration-ms="2634" status="PASS">
          <reporter-output>
          </reporter-output>
        </test-method> <!-- tearDown -->
        <test-method is-config="true" signature="tearDown()[pri:0, instance:test.Url@44c73c26]" started-at="2023-05-08T21:05:48Z" name="tearDown" finished-at="2023-05-08T21:05:51Z" duration-ms="2858" status="PASS">
          <reporter-output>
          </reporter-output>
        </test-method> <!-- tearDown -->
        <test-method is-config="true" signature="tearDown()[pri:0, instance:test.Verifylogin@41005828]" started-at="2023-05-08T21:05:51Z" name="tearDown" finished-at="2023-05-08T21:05:53Z" duration-ms="2212" status="PASS">
          <reporter-output>
          </reporter-output>
        </test-method> <!-- tearDown -->
      </class> <!-- test.Title -->
    </test> <!-- Test -->
  </suite> <!-- Suite -->
</testng-results>
